[debug] [2023-05-05T16:41:39.892Z] ----------------------------------------------------------------------
[debug] [2023-05-05T16:41:39.894Z] Command:       /usr/local/bin/node /Users/melp/.npm-global/bin/firebase init hosting:github
[debug] [2023-05-05T16:41:39.895Z] CLI Version:   11.30.0
[debug] [2023-05-05T16:41:39.895Z] Platform:      darwin
[debug] [2023-05-05T16:41:39.895Z] Node Version:  v18.14.2
[debug] [2023-05-05T16:41:39.896Z] Time:          Fri May 05 2023 10:41:39 GMT-0600 (Mountain Daylight Time)
[debug] [2023-05-05T16:41:39.896Z] ----------------------------------------------------------------------
[debug] 
[debug] [2023-05-05T16:41:39.966Z] > command requires scopes: ["email","openid","https://www.googleapis.com/auth/cloudplatformprojects.readonly","https://www.googleapis.com/auth/firebase","https://www.googleapis.com/auth/cloud-platform"]
[debug] [2023-05-05T16:41:39.966Z] > authorizing via signed-in user (melpike.dev@gmail.com)
[info] 
     ######## #### ########  ######## ########     ###     ######  ########
     ##        ##  ##     ## ##       ##     ##  ##   ##  ##       ##
     ######    ##  ########  ######   ########  #########  ######  ######
     ##        ##  ##    ##  ##       ##     ## ##     ##       ## ##
     ##       #### ##     ## ######## ########  ##     ##  ######  ########

You're about to initialize a Firebase project in this directory:

  /Users/melp

Before we get started, keep in mind:

  * You are initializing within an existing Firebase project directory

[info] 
=== Project Setup
[info] 
[info] First, let's associate this project directory with a Firebase project.
[info] You can create multiple project aliases by running firebase use --add, 
[info] but for now we'll just set up a default project.
[info] 
[debug] [2023-05-05T16:41:39.971Z] Using project from CLI flag: melp-website-209dc
[debug] [2023-05-05T16:41:39.973Z] >>> [apiv2][query] GET https://firebase.googleapis.com/v1beta1/projects/melp-website-209dc [none]
[debug] [2023-05-05T16:41:40.260Z] <<< [apiv2][status] GET https://firebase.googleapis.com/v1beta1/projects/melp-website-209dc 200
[debug] [2023-05-05T16:41:40.260Z] <<< [apiv2][body] GET https://firebase.googleapis.com/v1beta1/projects/melp-website-209dc {"projectId":"melp-website-209dc","projectNumber":"401687450156","displayName":"melp-website","name":"projects/melp-website-209dc","resources":{"hostingSite":"melp-website-209dc","realtimeDatabaseInstance":"melp-website-209dc-default-rtdb"},"state":"ACTIVE","etag":"1_16fa8b83-a017-4f2c-8502-378556431063"}
[info] i  Using project melp-website-209dc (melp-website) 
[info] 
=== Hosting:github Setup
[info] 
[info] i  Detected a .git folder at /Users/melp/Documents/Development/melp-website 
[info] i  Authorizing with GitHub to upload your service account to a GitHub repository's secrets store. 
[info] 
[info] Visit this URL on this device to log in:
[info] https://github.com/login/oauth/authorize?client_id=89cf50f02ac6aaed3484&state=971119596&redirect_uri=http%3A%2F%2Flocalhost%3A9005&scope=read%3Auser%20repo%20public_repo
[info] 
[info] Waiting for authentication...
[debug] [2023-05-05T16:41:40.926Z] >>> [apiv2][query] POST https://github.com/login/oauth/access_token [none]
[debug] [2023-05-05T16:41:40.926Z] >>> [apiv2][body] POST https://github.com/login/oauth/access_token [stream]
[debug] [2023-05-05T16:41:41.335Z] <<< [apiv2][status] POST https://github.com/login/oauth/access_token 200
[debug] [2023-05-05T16:41:41.335Z] <<< [apiv2][body] POST https://github.com/login/oauth/access_token {"access_token":"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","token_type":"bearer","scope":"read:user,repo"}
[debug] [2023-05-05T16:41:41.343Z] >>> [apiv2][query] GET https://api.github.com/user [none]
[debug] [2023-05-05T16:41:41.749Z] <<< [apiv2][status] GET https://api.github.com/user 200
[debug] [2023-05-05T16:41:41.749Z] <<< [apiv2][body] GET https://api.github.com/user {"login":"melpike","id":79950145,"node_id":"MDQ6VXNlcjc5OTUwMTQ1","avatar_url":"https://avatars.githubusercontent.com/u/79950145?v=4","gravatar_id":"","url":"https://api.github.com/users/melpike","html_url":"https://github.com/melpike","followers_url":"https://api.github.com/users/melpike/followers","following_url":"https://api.github.com/users/melpike/following{/other_user}","gists_url":"https://api.github.com/users/melpike/gists{/gist_id}","starred_url":"https://api.github.com/users/melpike/starred{/owner}{/repo}","subscriptions_url":"https://api.github.com/users/melpike/subscriptions","organizations_url":"https://api.github.com/users/melpike/orgs","repos_url":"https://api.github.com/users/melpike/repos","events_url":"https://api.github.com/users/melpike/events{/privacy}","received_events_url":"https://api.github.com/users/melpike/received_events","type":"User","site_admin":false,"name":null,"company":null,"blog":"","location":null,"email":null,"hireable":null,"bio":null,"twitter_username":null,"public_repos":3,"public_gists":0,"followers":0,"following":0,"created_at":"2021-03-03T01:09:43Z","updated_at":"2023-05-01T02:35:05Z","private_gists":0,"total_private_repos":0,"owned_private_repos":0,"disk_usage":29930,"collaborators":0,"two_factor_authentication":false,"plan":{"name":"free","space":976562499,"collaborators":0,"private_repos":10000}}
[info] 
[info] ✔  Success! Logged into GitHub as melpike 
[info] 
